1462704172.684783 client started (11276): socket /tmp/tmux-197609/default, protocol 8
1462704172.684853 on CYGWIN_NT-10.0 2.5.1(0.297/5/3) 2016-04-21 22:14; libevent 2.0.22-stable (poll)
1462704172.684886 socket is /tmp/tmux-197609/default
1462704172.684939 trying connect
1462704173.713977 connect failed: Connection refused
1462704173.714139 lock file is /tmp/tmux-197609/default.lock
1462704173.716214 flock succeeded
1462704173.716284 got lock (6)
1462704173.716416 trying connect
1462704174.731282 connect failed: Connection refused
1462704174.744208 add peer 0x60005fba0: 7 (0x0)
1462704174.744621 sending message 100 to peer 0x60005fba0 (4 bytes)
1462704174.744652 sending message 101 to peer 0x60005fba0 (6 bytes)
1462704174.744667 sending message 102 to peer 0x60005fba0 (10 bytes)
1462704174.744680 sending message 108 to peer 0x60005fba0 (23 bytes)
1462704174.744708 sending message 104 to peer 0x60005fba0 (0 bytes)
1462704174.744723 sending message 107 to peer 0x60005fba0 (4 bytes)
1462704174.744736 sending message 105 to peer 0x60005fba0 (37 bytes)
1462704174.744749 sending message 105 to peer 0x60005fba0 (23 bytes)
1462704174.744762 sending message 105 to peer 0x60005fba0 (40 bytes)
1462704174.744775 sending message 105 to peer 0x60005fba0 (30 bytes)
1462704174.744787 sending message 105 to peer 0x60005fba0 (20 bytes)
1462704174.744800 sending message 105 to peer 0x60005fba0 (16 bytes)
1462704174.744813 sending message 105 to peer 0x60005fba0 (11 bytes)
1462704174.744826 sending message 105 to peer 0x60005fba0 (72 bytes)
1462704174.744839 sending message 105 to peer 0x60005fba0 (17 bytes)
1462704174.744852 sending message 105 to peer 0x60005fba0 (18 bytes)
1462704174.744865 sending message 105 to peer 0x60005fba0 (23 bytes)
1462704174.744878 sending message 105 to peer 0x60005fba0 (21 bytes)
1462704174.744891 sending message 105 to peer 0x60005fba0 (529 bytes)
1462704174.744904 sending message 105 to peer 0x60005fba0 (22 bytes)
1462704174.744917 sending message 105 to peer 0x60005fba0 (60 bytes)
1462704174.744930 sending message 105 to peer 0x60005fba0 (14 bytes)
1462704174.744943 sending message 105 to peer 0x60005fba0 (49 bytes)
1462704174.744956 sending message 105 to peer 0x60005fba0 (31 bytes)
1462704174.744969 sending message 105 to peer 0x60005fba0 (13 bytes)
1462704174.744981 sending message 105 to peer 0x60005fba0 (8 bytes)
1462704174.744994 sending message 105 to peer 0x60005fba0 (10 bytes)
1462704174.745007 sending message 105 to peer 0x60005fba0 (49 bytes)
1462704174.745020 sending message 105 to peer 0x60005fba0 (17 bytes)
1462704174.745033 sending message 105 to peer 0x60005fba0 (18 bytes)
1462704174.745045 sending message 105 to peer 0x60005fba0 (41 bytes)
1462704174.745058 sending message 105 to peer 0x60005fba0 (44 bytes)
1462704174.745071 sending message 105 to peer 0x60005fba0 (560 bytes)
1462704174.745084 sending message 105 to peer 0x60005fba0 (65 bytes)
1462704174.745097 sending message 105 to peer 0x60005fba0 (20 bytes)
1462704174.745110 sending message 105 to peer 0x60005fba0 (27 bytes)
1462704174.745123 sending message 105 to peer 0x60005fba0 (15 bytes)
1462704174.745136 sending message 105 to peer 0x60005fba0 (17 bytes)
1462704174.745149 sending message 105 to peer 0x60005fba0 (28 bytes)
1462704174.745162 sending message 105 to peer 0x60005fba0 (14 bytes)
1462704174.745175 sending message 105 to peer 0x60005fba0 (62 bytes)
1462704174.745188 sending message 105 to peer 0x60005fba0 (25 bytes)
1462704174.745200 sending message 105 to peer 0x60005fba0 (49 bytes)
1462704174.745213 sending message 105 to peer 0x60005fba0 (29 bytes)
1462704174.745226 sending message 105 to peer 0x60005fba0 (43 bytes)
1462704174.745239 sending message 105 to peer 0x60005fba0 (27 bytes)
1462704174.745251 sending message 105 to peer 0x60005fba0 (17 bytes)
1462704174.745264 sending message 105 to peer 0x60005fba0 (8 bytes)
1462704174.745277 sending message 105 to peer 0x60005fba0 (19 bytes)
1462704174.745290 sending message 105 to peer 0x60005fba0 (71 bytes)
1462704174.745303 sending message 105 to peer 0x60005fba0 (13 bytes)
1462704174.745371 sending message 105 to peer 0x60005fba0 (47 bytes)
1462704174.745392 sending message 105 to peer 0x60005fba0 (36 bytes)
1462704174.745405 sending message 105 to peer 0x60005fba0 (9 bytes)
1462704174.745418 sending message 105 to peer 0x60005fba0 (22 bytes)
1462704174.745431 sending message 105 to peer 0x60005fba0 (31 bytes)
1462704174.745445 sending message 105 to peer 0x60005fba0 (24 bytes)
1462704174.745457 sending message 105 to peer 0x60005fba0 (40 bytes)
1462704174.745470 sending message 105 to peer 0x60005fba0 (51 bytes)
1462704174.745483 sending message 105 to peer 0x60005fba0 (30 bytes)
1462704174.745496 sending message 105 to peer 0x60005fba0 (23 bytes)
1462704174.745509 sending message 105 to peer 0x60005fba0 (20 bytes)
1462704174.745522 sending message 105 to peer 0x60005fba0 (24 bytes)
1462704174.745534 sending message 105 to peer 0x60005fba0 (16 bytes)
1462704174.745547 sending message 106 to peer 0x60005fba0 (0 bytes)
1462704174.745569 sending message 200 to peer 0x60005fba0 (4 bytes)
1462704174.745582 client loop enter
1462704174.805297 peer 0x60005fba0 message 207
1462704174.805312 sending message 208 to peer 0x60005fba0 (0 bytes)
1462704181.983964 peer 0x60005fba0 message 210
1462704181.984016 sending message 205 to peer 0x60005fba0 (0 bytes)
1462704181.986599 peer 0x60005fba0 message 204
1462704181.986637 client loop exit
